TN:
SF:src\modules\appointments\services\CreateAppointmentService.ts
FN:13,(anonymous_18)
FN:14,CreateAppointmentService
FN:19,(anonymous_20)
FNF:3
FNH:3
FNDA:1,(anonymous_18)
FNDA:2,CreateAppointmentService
FNDA:3,(anonymous_20)
DA:1,1
DA:2,1
DA:3,1
DA:5,1
DA:13,1
DA:16,2
DA:19,3
DA:20,3
DA:21,3
DA:24,3
DA:25,1
DA:27,2
DA:32,2
DA:34,1
DA:36,1
LF:15
LH:15
BRDA:24,0,0,1
BRDA:24,0,1,2
BRF:2
BRH:2
end_of_record
TN:
SF:src\modules\users\services\AuthSessionService.ts
FN:18,(anonymous_18)
FN:19,AuthSessionService
FN:26,(anonymous_20)
FNF:3
FNH:3
FNDA:1,(anonymous_18)
FNDA:3,AuthSessionService
FNDA:3,(anonymous_20)
DA:1,1
DA:3,1
DA:4,1
DA:5,1
DA:18,1
DA:21,3
DA:23,3
DA:26,3
DA:27,3
DA:29,3
DA:30,1
DA:32,2
DA:37,2
DA:38,1
DA:41,1
DA:46,1
DA:48,1
DA:50,1
LF:18
LH:18
BRDA:27,0,0,3
BRDA:29,1,0,1
BRDA:29,1,1,2
BRDA:37,2,0,1
BRDA:37,2,1,1
BRF:5
BRH:5
end_of_record
TN:
SF:src\modules\users\services\CreateUserService.ts
FN:13,(anonymous_18)
FN:14,CreateUserService
FN:21,(anonymous_20)
FNF:3
FNH:3
FNDA:3,(anonymous_18)
FNDA:6,CreateUserService
FNDA:7,(anonymous_20)
DA:2,3
DA:3,3
DA:13,3
DA:16,6
DA:18,6
DA:21,7
DA:22,7
DA:24,7
DA:25,1
DA:27,6
DA:28,6
DA:34,6
DA:36,3
DA:38,3
LF:14
LH:14
BRDA:22,0,0,7
BRDA:24,1,0,1
BRDA:24,1,1,6
BRF:3
BRH:3
end_of_record
TN:
SF:src\modules\users\services\UpdateAvatarService.ts
FN:12,(anonymous_18)
FN:13,UpdateAvatarService
FN:20,(anonymous_20)
FNF:3
FNH:3
FNDA:1,(anonymous_18)
FNDA:3,UpdateAvatarService
FNDA:4,(anonymous_20)
DA:2,1
DA:3,1
DA:12,1
DA:15,3
DA:17,3
DA:20,4
DA:21,4
DA:23,4
DA:24,1
DA:27,5
DA:28,2
DA:31,3
DA:33,3
DA:34,6
DA:35,3
DA:37,1
DA:39,1
LF:17
LH:17
BRDA:21,0,0,4
BRDA:21,0,1,3
BRDA:23,1,0,1
BRDA:23,1,1,3
BRDA:27,2,0,2
BRDA:27,2,1,1
BRF:6
BRH:6
end_of_record
